Determining if the include file pthread.h exists failed with the following output:
Change Dir: F:/Downloads/Dev/CG/OpenFlex/CMakeFiles/CMakeTmp

Run Build Command:"C:\Program Files (x86)\Microsoft Visual Studio\2017\Community/MSBuild/15.0/Bin/MSBuild.exe" "cmTC_fc6c9.vcxproj" "/p:Configuration=Debug" "/p:VisualStudioVersion=15.0"
Microsoft (R) Build Engine version 15.3.409.57025 for .NET Framework
Copyright (C) Microsoft Corporation. All rights reserved.

Build started 9/17/2017 3:41:09 PM.
Project "F:\Downloads\Dev\CG\OpenFlex\CMakeFiles\CMakeTmp\cmTC_fc6c9.vcxproj" on node 1 (default targets).
PrepareForBuild:
  Creating directory "cmTC_fc6c9.dir\Debug\".
  Creating directory "F:\Downloads\Dev\CG\OpenFlex\CMakeFiles\CMakeTmp\Debug\".
  Creating directory "cmTC_fc6c9.dir\Debug\cmTC_fc6c9.tlog\".
InitializeBuildStatus:
  Creating "cmTC_fc6c9.dir\Debug\cmTC_fc6c9.tlog\unsuccessfulbuild" because "AlwaysCreate" was specified.
ClCompile:
  C:\Program Files (x86)\Microsoft Visual Studio\2017\Community\VC\Tools\MSVC\14.11.25503\bin\HostX86\x86\CL.exe /c /Zi /W3 /WX- /diagnostics:classic /Od /Ob0 /Oy- /D WIN32 /D _WINDOWS /D "CMAKE_INTDIR=\"Debug\"" /D _MBCS /Gm- /RTC1 /MDd /GS /fp:precise /Zc:wchar_t /Zc:forScope /Zc:inline /Fo"cmTC_fc6c9.dir\Debug\\" /Fd"cmTC_fc6c9.dir\Debug\vc141.pdb" /Gd /TC /analyze- /errorReport:queue F:\Downloads\Dev\CG\OpenFlex\CMakeFiles\CMakeTmp\CheckIncludeFile.c
  Microsoft (R) C/C++ Optimizing Compiler Version 19.11.25508.2 for x86
  Copyright (C) Microsoft Corporation.  All rights reserved.
  
  cl /c /Zi /W3 /WX- /diagnostics:classic /Od /Ob0 /Oy- /D WIN32 /D _WINDOWS /D "CMAKE_INTDIR=\"Debug\"" /D _MBCS /Gm- /RTC1 /MDd /GS /fp:precise /Zc:wchar_t /Zc:forScope /Zc:inline /Fo"cmTC_fc6c9.dir\Debug\\" /Fd"cmTC_fc6c9.dir\Debug\vc141.pdb" /Gd /TC /analyze- /errorReport:queue F:\Downloads\Dev\CG\OpenFlex\CMakeFiles\CMakeTmp\CheckIncludeFile.c
  CheckIncludeFile.c
  
F:\Downloads\Dev\CG\OpenFlex\CMakeFiles\CMakeTmp\CheckIncludeFile.c(1): fatal error C1083: Cannot open include file: 'pthread.h': No such file or directory [F:\Downloads\Dev\CG\OpenFlex\CMakeFiles\CMakeTmp\cmTC_fc6c9.vcxproj]
Done Building Project "F:\Downloads\Dev\CG\OpenFlex\CMakeFiles\CMakeTmp\cmTC_fc6c9.vcxproj" (default targets) -- FAILED.

Build FAILED.

"F:\Downloads\Dev\CG\OpenFlex\CMakeFiles\CMakeTmp\cmTC_fc6c9.vcxproj" (default target) (1) ->
(ClCompile target) -> 
  F:\Downloads\Dev\CG\OpenFlex\CMakeFiles\CMakeTmp\CheckIncludeFile.c(1): fatal error C1083: Cannot open include file: 'pthread.h': No such file or directory [F:\Downloads\Dev\CG\OpenFlex\CMakeFiles\CMakeTmp\cmTC_fc6c9.vcxproj]

    0 Warning(s)
    1 Error(s)

Time Elapsed 00:00:01.14


Determining size of off64_t failed with the following output:
Change Dir: F:/Downloads/Dev/CG/OpenFlex/CMakeFiles/CMakeTmp

Run Build Command:"C:\Program Files (x86)\Microsoft Visual Studio\2017\Community/MSBuild/15.0/Bin/MSBuild.exe" "cmTC_94b82.vcxproj" "/p:Configuration=Debug" "/p:VisualStudioVersion=15.0"
Microsoft (R) Build Engine version 15.3.409.57025 for .NET Framework
Copyright (C) Microsoft Corporation. All rights reserved.

Build started 9/17/2017 3:41:17 PM.
Project "F:\Downloads\Dev\CG\OpenFlex\CMakeFiles\CMakeTmp\cmTC_94b82.vcxproj" on node 1 (default targets).
PrepareForBuild:
  Creating directory "cmTC_94b82.dir\Debug\".
  Creating directory "F:\Downloads\Dev\CG\OpenFlex\CMakeFiles\CMakeTmp\Debug\".
  Creating directory "cmTC_94b82.dir\Debug\cmTC_94b82.tlog\".
InitializeBuildStatus:
  Creating "cmTC_94b82.dir\Debug\cmTC_94b82.tlog\unsuccessfulbuild" because "AlwaysCreate" was specified.
ClCompile:
  C:\Program Files (x86)\Microsoft Visual Studio\2017\Community\VC\Tools\MSVC\14.11.25503\bin\HostX86\x86\CL.exe /c /Zi /W3 /WX- /diagnostics:classic /Od /Ob0 /Oy- /D WIN32 /D _WINDOWS /D _LARGEFILE64_SOURCE=1 /D HAVE_SYS_TYPES_H /D HAVE_STDINT_H /D HAVE_STDDEF_H /D "CMAKE_INTDIR=\"Debug\"" /D _MBCS /Gm- /RTC1 /MDd /GS /fp:precise /Zc:wchar_t /Zc:forScope /Zc:inline /Fo"cmTC_94b82.dir\Debug\\" /Fd"cmTC_94b82.dir\Debug\vc141.pdb" /Gd /TC /analyze- /errorReport:queue F:\Downloads\Dev\CG\OpenFlex\CMakeFiles\CheckTypeSize\OFF64_T.c
  Microsoft (R) C/C++ Optimizing Compiler Version 19.11.25508.2 for x86
  Copyright (C) Microsoft Corporation.  All rights reserved.
  
  cl /c /Zi /W3 /WX- /diagnostics:classic /Od /Ob0 /Oy- /D WIN32 /D _WINDOWS /D _LARGEFILE64_SOURCE=1 /D HAVE_SYS_TYPES_H /D HAVE_STDINT_H /D HAVE_STDDEF_H /D "CMAKE_INTDIR=\"Debug\"" /D _MBCS /Gm- /RTC1 /MDd /GS /fp:precise /Zc:wchar_t /Zc:forScope /Zc:inline /Fo"cmTC_94b82.dir\Debug\\" /Fd"cmTC_94b82.dir\Debug\vc141.pdb" /Gd /TC /analyze- /errorReport:queue F:\Downloads\Dev\CG\OpenFlex\CMakeFiles\CheckTypeSize\OFF64_T.c
  OFF64_T.c
  
F:\Downloads\Dev\CG\OpenFlex\CMakeFiles\CheckTypeSize\OFF64_T.c(19): error C2065: 'off64_t': undeclared identifier [F:\Downloads\Dev\CG\OpenFlex\CMakeFiles\CMakeTmp\cmTC_94b82.vcxproj]
F:\Downloads\Dev\CG\OpenFlex\CMakeFiles\CheckTypeSize\OFF64_T.c(20): error C2065: 'off64_t': undeclared identifier [F:\Downloads\Dev\CG\OpenFlex\CMakeFiles\CMakeTmp\cmTC_94b82.vcxproj]
F:\Downloads\Dev\CG\OpenFlex\CMakeFiles\CheckTypeSize\OFF64_T.c(21): error C2065: 'off64_t': undeclared identifier [F:\Downloads\Dev\CG\OpenFlex\CMakeFiles\CMakeTmp\cmTC_94b82.vcxproj]
F:\Downloads\Dev\CG\OpenFlex\CMakeFiles\CheckTypeSize\OFF64_T.c(22): error C2065: 'off64_t': undeclared identifier [F:\Downloads\Dev\CG\OpenFlex\CMakeFiles\CMakeTmp\cmTC_94b82.vcxproj]
F:\Downloads\Dev\CG\OpenFlex\CMakeFiles\CheckTypeSize\OFF64_T.c(23): error C2065: 'off64_t': undeclared identifier [F:\Downloads\Dev\CG\OpenFlex\CMakeFiles\CMakeTmp\cmTC_94b82.vcxproj]
Done Building Project "F:\Downloads\Dev\CG\OpenFlex\CMakeFiles\CMakeTmp\cmTC_94b82.vcxproj" (default targets) -- FAILED.

Build FAILED.

"F:\Downloads\Dev\CG\OpenFlex\CMakeFiles\CMakeTmp\cmTC_94b82.vcxproj" (default target) (1) ->
(ClCompile target) -> 
  F:\Downloads\Dev\CG\OpenFlex\CMakeFiles\CheckTypeSize\OFF64_T.c(19): error C2065: 'off64_t': undeclared identifier [F:\Downloads\Dev\CG\OpenFlex\CMakeFiles\CMakeTmp\cmTC_94b82.vcxproj]
  F:\Downloads\Dev\CG\OpenFlex\CMakeFiles\CheckTypeSize\OFF64_T.c(20): error C2065: 'off64_t': undeclared identifier [F:\Downloads\Dev\CG\OpenFlex\CMakeFiles\CMakeTmp\cmTC_94b82.vcxproj]
  F:\Downloads\Dev\CG\OpenFlex\CMakeFiles\CheckTypeSize\OFF64_T.c(21): error C2065: 'off64_t': undeclared identifier [F:\Downloads\Dev\CG\OpenFlex\CMakeFiles\CMakeTmp\cmTC_94b82.vcxproj]
  F:\Downloads\Dev\CG\OpenFlex\CMakeFiles\CheckTypeSize\OFF64_T.c(22): error C2065: 'off64_t': undeclared identifier [F:\Downloads\Dev\CG\OpenFlex\CMakeFiles\CMakeTmp\cmTC_94b82.vcxproj]
  F:\Downloads\Dev\CG\OpenFlex\CMakeFiles\CheckTypeSize\OFF64_T.c(23): error C2065: 'off64_t': undeclared identifier [F:\Downloads\Dev\CG\OpenFlex\CMakeFiles\CMakeTmp\cmTC_94b82.vcxproj]

    0 Warning(s)
    5 Error(s)

Time Elapsed 00:00:01.11

F:/Downloads/Dev/CG/OpenFlex/CMakeFiles/CheckTypeSize/OFF64_T.c:
#include <sys/types.h>
#include <stdint.h>
#include <stddef.h>


#undef KEY
#if defined(__i386)
# define KEY '_','_','i','3','8','6'
#elif defined(__x86_64)
# define KEY '_','_','x','8','6','_','6','4'
#elif defined(__ppc__)
# define KEY '_','_','p','p','c','_','_'
#elif defined(__ppc64__)
# define KEY '_','_','p','p','c','6','4','_','_'
#endif

#define SIZE (sizeof(off64_t))
char info_size[] =  {'I', 'N', 'F', 'O', ':', 's','i','z','e','[',
  ('0' + ((SIZE / 10000)%10)),
  ('0' + ((SIZE / 1000)%10)),
  ('0' + ((SIZE / 100)%10)),
  ('0' + ((SIZE / 10)%10)),
  ('0' +  (SIZE    % 10)),
  ']',
#ifdef KEY
  ' ','k','e','y','[', KEY, ']',
#endif
  '\0'};

#ifdef __CLASSIC_C__
int main(argc, argv) int argc; char *argv[];
#else
int main(int argc, char *argv[])
#endif
{
  int require = 0;
  require += info_size[argc];
  (void)argv;
  return require;
}


Determining if the function fseeko exists failed with the following output:
Change Dir: F:/Downloads/Dev/CG/OpenFlex/CMakeFiles/CMakeTmp

Run Build Command:"C:\Program Files (x86)\Microsoft Visual Studio\2017\Community/MSBuild/15.0/Bin/MSBuild.exe" "cmTC_09611.vcxproj" "/p:Configuration=Debug" "/p:VisualStudioVersion=15.0"
Microsoft (R) Build Engine version 15.3.409.57025 for .NET Framework
Copyright (C) Microsoft Corporation. All rights reserved.

Build started 9/17/2017 3:41:18 PM.
Project "F:\Downloads\Dev\CG\OpenFlex\CMakeFiles\CMakeTmp\cmTC_09611.vcxproj" on node 1 (default targets).
PrepareForBuild:
  Creating directory "cmTC_09611.dir\Debug\".
  Creating directory "F:\Downloads\Dev\CG\OpenFlex\CMakeFiles\CMakeTmp\Debug\".
  Creating directory "cmTC_09611.dir\Debug\cmTC_09611.tlog\".
InitializeBuildStatus:
  Creating "cmTC_09611.dir\Debug\cmTC_09611.tlog\unsuccessfulbuild" because "AlwaysCreate" was specified.
ClCompile:
  C:\Program Files (x86)\Microsoft Visual Studio\2017\Community\VC\Tools\MSVC\14.11.25503\bin\HostX86\x86\CL.exe /c /Zi /W3 /WX- /diagnostics:classic /Od /Ob0 /Oy- /D WIN32 /D _WINDOWS /D CHECK_FUNCTION_EXISTS=fseeko /D "CMAKE_INTDIR=\"Debug\"" /D _MBCS /Gm- /RTC1 /MDd /GS /fp:precise /Zc:wchar_t /Zc:forScope /Zc:inline /Fo"cmTC_09611.dir\Debug\\" /Fd"cmTC_09611.dir\Debug\vc141.pdb" /Gd /TC /analyze- /errorReport:queue "C:\Program Files\CMake\share\cmake-3.9\Modules\CheckFunctionExists.c"
  Microsoft (R) C/C++ Optimizing Compiler Version 19.11.25508.2 for x86
  Copyright (C) Microsoft Corporation.  All rights reserved.
  
  cl /c /Zi /W3 /WX- /diagnostics:classic /Od /Ob0 /Oy- /D WIN32 /D _WINDOWS /D CHECK_FUNCTION_EXISTS=fseeko /D "CMAKE_INTDIR=\"Debug\"" /D _MBCS /Gm- /RTC1 /MDd /GS /fp:precise /Zc:wchar_t /Zc:forScope /Zc:inline /Fo"cmTC_09611.dir\Debug\\" /Fd"cmTC_09611.dir\Debug\vc141.pdb" /Gd /TC /analyze- /errorReport:queue "C:\Program Files\CMake\share\cmake-3.9\Modules\CheckFunctionExists.c"
  CheckFunctionExists.c
  
Link:
  C:\Program Files (x86)\Microsoft Visual Studio\2017\Community\VC\Tools\MSVC\14.11.25503\bin\HostX86\x86\link.exe /ERRORREPORT:QUEUE /OUT:"F:\Downloads\Dev\CG\OpenFlex\CMakeFiles\CMakeTmp\Debug\cmTC_09611.exe" /INCREMENTAL /NOLOGO kernel32.lib user32.lib gdi32.lib winspool.lib shell32.lib ole32.lib oleaut32.lib uuid.lib comdlg32.lib advapi32.lib /MANIFEST /MANIFESTUAC:"level='asInvoker' uiAccess='false'" /manifest:embed /DEBUG /PDB:"F:/Downloads/Dev/CG/OpenFlex/CMakeFiles/CMakeTmp/Debug/cmTC_09611.pdb" /SUBSYSTEM:CONSOLE /TLBID:1 /DYNAMICBASE /NXCOMPAT /IMPLIB:"F:/Downloads/Dev/CG/OpenFlex/CMakeFiles/CMakeTmp/Debug/cmTC_09611.lib" /MACHINE:X86 /SAFESEH  /machine:X86 cmTC_09611.dir\Debug\CheckFunctionExists.obj
CheckFunctionExists.obj : error LNK2019: unresolved external symbol _fseeko referenced in function _main [F:\Downloads\Dev\CG\OpenFlex\CMakeFiles\CMakeTmp\cmTC_09611.vcxproj]
F:\Downloads\Dev\CG\OpenFlex\CMakeFiles\CMakeTmp\Debug\cmTC_09611.exe : fatal error LNK1120: 1 unresolved externals [F:\Downloads\Dev\CG\OpenFlex\CMakeFiles\CMakeTmp\cmTC_09611.vcxproj]
Done Building Project "F:\Downloads\Dev\CG\OpenFlex\CMakeFiles\CMakeTmp\cmTC_09611.vcxproj" (default targets) -- FAILED.

Build FAILED.

"F:\Downloads\Dev\CG\OpenFlex\CMakeFiles\CMakeTmp\cmTC_09611.vcxproj" (default target) (1) ->
(Link target) -> 
  CheckFunctionExists.obj : error LNK2019: unresolved external symbol _fseeko referenced in function _main [F:\Downloads\Dev\CG\OpenFlex\CMakeFiles\CMakeTmp\cmTC_09611.vcxproj]
  F:\Downloads\Dev\CG\OpenFlex\CMakeFiles\CMakeTmp\Debug\cmTC_09611.exe : fatal error LNK1120: 1 unresolved externals [F:\Downloads\Dev\CG\OpenFlex\CMakeFiles\CMakeTmp\cmTC_09611.vcxproj]

    0 Warning(s)
    2 Error(s)

Time Elapsed 00:00:01.71


Determining if the include file unistd.h exists failed with the following output:
Change Dir: F:/Downloads/Dev/CG/OpenFlex/CMakeFiles/CMakeTmp

Run Build Command:"C:\Program Files (x86)\Microsoft Visual Studio\2017\Community/MSBuild/15.0/Bin/MSBuild.exe" "cmTC_23406.vcxproj" "/p:Configuration=Debug" "/p:VisualStudioVersion=15.0"
Microsoft (R) Build Engine version 15.3.409.57025 for .NET Framework
Copyright (C) Microsoft Corporation. All rights reserved.

Build started 9/17/2017 3:41:20 PM.
Project "F:\Downloads\Dev\CG\OpenFlex\CMakeFiles\CMakeTmp\cmTC_23406.vcxproj" on node 1 (default targets).
PrepareForBuild:
  Creating directory "cmTC_23406.dir\Debug\".
  Creating directory "F:\Downloads\Dev\CG\OpenFlex\CMakeFiles\CMakeTmp\Debug\".
  Creating directory "cmTC_23406.dir\Debug\cmTC_23406.tlog\".
InitializeBuildStatus:
  Creating "cmTC_23406.dir\Debug\cmTC_23406.tlog\unsuccessfulbuild" because "AlwaysCreate" was specified.
ClCompile:
  C:\Program Files (x86)\Microsoft Visual Studio\2017\Community\VC\Tools\MSVC\14.11.25503\bin\HostX86\x86\CL.exe /c /Zi /W3 /WX- /diagnostics:classic /Od /Ob0 /Oy- /D WIN32 /D _WINDOWS /D "CMAKE_INTDIR=\"Debug\"" /D _MBCS /Gm- /RTC1 /MDd /GS /fp:precise /Zc:wchar_t /Zc:forScope /Zc:inline /Fo"cmTC_23406.dir\Debug\\" /Fd"cmTC_23406.dir\Debug\vc141.pdb" /Gd /TC /analyze- /errorReport:queue F:\Downloads\Dev\CG\OpenFlex\CMakeFiles\CMakeTmp\CheckIncludeFile.c
  Microsoft (R) C/C++ Optimizing Compiler Version 19.11.25508.2 for x86
  Copyright (C) Microsoft Corporation.  All rights reserved.
  
  cl /c /Zi /W3 /WX- /diagnostics:classic /Od /Ob0 /Oy- /D WIN32 /D _WINDOWS /D "CMAKE_INTDIR=\"Debug\"" /D _MBCS /Gm- /RTC1 /MDd /GS /fp:precise /Zc:wchar_t /Zc:forScope /Zc:inline /Fo"cmTC_23406.dir\Debug\\" /Fd"cmTC_23406.dir\Debug\vc141.pdb" /Gd /TC /analyze- /errorReport:queue F:\Downloads\Dev\CG\OpenFlex\CMakeFiles\CMakeTmp\CheckIncludeFile.c
  
  CheckIncludeFile.c
F:\Downloads\Dev\CG\OpenFlex\CMakeFiles\CMakeTmp\CheckIncludeFile.c(1): fatal error C1083: Cannot open include file: 'unistd.h': No such file or directory [F:\Downloads\Dev\CG\OpenFlex\CMakeFiles\CMakeTmp\cmTC_23406.vcxproj]
Done Building Project "F:\Downloads\Dev\CG\OpenFlex\CMakeFiles\CMakeTmp\cmTC_23406.vcxproj" (default targets) -- FAILED.

Build FAILED.

"F:\Downloads\Dev\CG\OpenFlex\CMakeFiles\CMakeTmp\cmTC_23406.vcxproj" (default target) (1) ->
(ClCompile target) -> 
  F:\Downloads\Dev\CG\OpenFlex\CMakeFiles\CMakeTmp\CheckIncludeFile.c(1): fatal error C1083: Cannot open include file: 'unistd.h': No such file or directory [F:\Downloads\Dev\CG\OpenFlex\CMakeFiles\CMakeTmp\cmTC_23406.vcxproj]

    0 Warning(s)
    1 Error(s)

Time Elapsed 00:00:01.14


